<?xml version="1.0" encoding="UTF-8"?>
<testsuite xmlns:xsi="http://www.w3.org/2001/XMLSchema-instance" xsi:noNamespaceSchemaLocation="https://maven.apache.org/surefire/maven-surefire-plugin/xsd/surefire-test-report.xsd" name="com.practica.CalculadoraTest" time="0.046" tests="5" errors="0" skipped="0" failures="1">
  <properties>
[...]
</properties>
  <testcase name="testSumar" classname="com.practica.CalculadoraTest" time="0.006">
    <failure message="expected:&lt;8&gt; but was:&lt;9&gt;" type="java.lang.AssertionError"><![CDATA[java.lang.AssertionError: expected:<8> but was:<9>
	at com.practica.CalculadoraTest.testSumar(CalculadoraTest.java:11)
]]></failure>
  </testcase>
  <testcase name="testMultiplicar" classname="com.practica.CalculadoraTest" time="0"/>
  <testcase name="testDividirPorCero" classname="com.practica.CalculadoraTest" time="0"/>
  <testcase name="testDividir" classname="com.practica.CalculadoraTest" time="0"/>
  <testcase name="testRestar" classname="com.practica.CalculadoraTest" time="0.001"/>
</testsuite>